<?xml version="1.0" encoding="UTF-8"?>
<testng-results skipped="0" failed="0" ignored="0" total="4" passed="4">
  <reporter-output>
  </reporter-output>
  <suite name="Default suite" duration-ms="9211" started-at="2018-12-11T05:09:21Z" finished-at="2018-12-11T05:09:30Z">
    <groups>
    </groups>
    <test name="Default test" duration-ms="9211" started-at="2018-12-11T05:09:21Z" finished-at="2018-12-11T05:09:30Z">
      <class name="login_page.Login">
        <test-method status="PASS" signature="setup()[pri:0, instance:login_page.Login@5fdba6f9]" name="setup" is-config="true" duration-ms="6160" started-at="2018-12-11T05:09:21Z" finished-at="2018-12-11T05:09:27Z">
          <reporter-output>
          </reporter-output>
        </test-method> <!-- setup -->
        <test-method status="PASS" signature="invalid_credentials()[pri:1, instance:login_page.Login@5fdba6f9]" name="invalid_credentials" duration-ms="1023" started-at="2018-12-11T05:09:27Z" description="Enter the invalid Username and password" finished-at="2018-12-11T05:09:28Z">
          <reporter-output>
          </reporter-output>
        </test-method> <!-- invalid_credentials -->
        <test-method status="PASS" signature="Valid_credentials()[pri:2, instance:login_page.Login@5fdba6f9]" name="Valid_credentials" duration-ms="1027" started-at="2018-12-11T05:09:28Z" description="Enter The valid username and password" finished-at="2018-12-11T05:09:29Z">
          <reporter-output>
          </reporter-output>
        </test-method> <!-- Valid_credentials -->
        <test-method status="PASS" signature="dashBoard()[pri:3, instance:login_page.Login@5fdba6f9]" name="dashBoard" duration-ms="105" started-at="2018-12-11T05:09:29Z" description="validate the DashBoard content" finished-at="2018-12-11T05:09:30Z">
          <reporter-output>
          </reporter-output>
        </test-method> <!-- dashBoard -->
        <test-method status="PASS" signature="logout()[pri:4, instance:login_page.Login@5fdba6f9]" name="logout" duration-ms="751" started-at="2018-12-11T05:09:30Z" description="validate logout function" finished-at="2018-12-11T05:09:30Z">
          <reporter-output>
          </reporter-output>
        </test-method> <!-- logout -->
        <test-method status="PASS" signature="close()[pri:0, instance:login_page.Login@5fdba6f9]" name="close" is-config="true" duration-ms="113" started-at="2018-12-11T05:09:30Z" finished-at="2018-12-11T05:09:30Z">
          <reporter-output>
          </reporter-output>
        </test-method> <!-- close -->
      </class> <!-- login_page.Login -->
    </test> <!-- Default test -->
  </suite> <!-- Default suite -->
</testng-results>
